<?xml version="1.0" ?>
<testsuite errors="0" failures="0" name="TrainValidRecommendSplitSpec-20180118005211" tests="1" time="190.668">
	<testcase classname="TrainValidRecommendSplitSpec" name="test" time="190.668"/>
	<system-out>
<![CDATA[[Row(customerID=12, recommendations=[Row(itemID=1, rating=4.902277946472168), Row(itemID=10, rating=4.886264801025391), Row(itemID=19, rating=4.272840976715088)])]
[Row(customerID=12, recommendations=[Row(itemID=32, rating=3.9464850425720215), Row(itemID=19, rating=3.820230722427368), Row(itemID=10, rating=3.5927631855010986)])]
[0.389141307100932]
[Row(customerID=12, recommendations=[Row(itemID=32, rating=3.9464850425720215), Row(itemID=19, rating=3.820230722427368), Row(itemID=10, rating=3.5927631855010986)])]
[0.2222222222222222]
[Row(customerID=12, recommendations=[Row(itemID=32, rating=3.9464850425720215), Row(itemID=19, rating=3.820230722427368), Row(itemID=10, rating=3.5927631855010986)])]
[0.34259259259259256]
]]>	</system-out>
	<system-err>
<![CDATA[Exception ignored in: <bound method JavaParams.__del__ of TrainValidRecommendSplitModel_40ae9b6e279eac29af9e>
Traceback (most recent call last):
  File "/home/dciborow/lib/spark/python/lib/pyspark.zip/pyspark/ml/wrapper.py", line 105, in __del__
  File "/home/dciborow/lib/spark/python/lib/py4j-0.10.4-src.zip/py4j/java_gateway.py", line 1870, in detach
AttributeError: 'NoneType' object has no attribute '_detach'
Exception ignored in: <bound method JavaParams.__del__ of TrainValidRecommendSplitModel_4a999384b68f3f5b7974>
Traceback (most recent call last):
  File "/home/dciborow/lib/spark/python/lib/pyspark.zip/pyspark/ml/wrapper.py", line 105, in __del__
  File "/home/dciborow/lib/spark/python/lib/py4j-0.10.4-src.zip/py4j/java_gateway.py", line 1870, in detach
AttributeError: 'NoneType' object has no attribute '_detach'
Exception ignored in: <bound method JavaParams.__del__ of TrainValidRecommendSplitModel_422bb71daf0d3be37dd4>
Traceback (most recent call last):
  File "/home/dciborow/lib/spark/python/lib/pyspark.zip/pyspark/ml/wrapper.py", line 105, in __del__
  File "/home/dciborow/lib/spark/python/lib/py4j-0.10.4-src.zip/py4j/java_gateway.py", line 1870, in detach
AttributeError: 'NoneType' object has no attribute '_detach'
]]>	</system-err>
</testsuite>
