<?xml version="1.0" ?>
<testsuite errors="1" failures="0" name="TrainValidRecommendSplitSpec-20180118052442" tests="1" time="135.262">
	<testcase classname="TrainValidRecommendSplitSpec" name="test_all" time="135.262">
		<error message="must be str, not list" type="TypeError">
<![CDATA[Traceback (most recent call last):
  File "/home/dciborow/mmlspark2/src/msft-recommendation/src/test/python/TrainValidRecommendSplitSpec.py", line 101, in test_all
    print("mapk" + tvmodel.validationMetrics)
TypeError: must be str, not list
]]>		</error>
	</testcase>
	<system-out>
<![CDATA[[Row(customerID=12, recommendations=[Row(itemID=1, rating=4.902277946472168), Row(itemID=10, rating=4.886264801025391), Row(itemID=19, rating=4.272840976715088)])]
[Row(customerID=12, recommendations=[Row(itemID=32, rating=3.9464850425720215), Row(itemID=19, rating=3.820230722427368), Row(itemID=10, rating=3.5927631855010986)])]
[0.389141307100932]
[Row(customerID=12, recommendations=[Row(itemID=32, rating=3.9464850425720215), Row(itemID=19, rating=3.820230722427368), Row(itemID=10, rating=3.5927631855010986)])]
]]>	</system-out>
	<system-err>
<![CDATA[Exception ignored in: <bound method JavaParams.__del__ of TrainValidRecommendSplitModel_48c7bc66005a2cbe894a>
Traceback (most recent call last):
  File "/home/dciborow/lib/spark/python/lib/pyspark.zip/pyspark/ml/wrapper.py", line 105, in __del__
  File "/home/dciborow/lib/spark/python/lib/py4j-0.10.4-src.zip/py4j/java_gateway.py", line 1870, in detach
AttributeError: 'NoneType' object has no attribute '_detach'
]]>	</system-err>
</testsuite>
