<?xml version="1.0" ?>
<testsuite errors="0" failures="0" name="TrainValidRecommendSplitSpec-20180118052758" tests="1" time="246.371">
	<testcase classname="TrainValidRecommendSplitSpec" name="test_all" time="246.371"/>
	<system-out>
<![CDATA[[Row(customerID=12, recommendations=[Row(itemID=1, rating=4.902277946472168), Row(itemID=10, rating=4.886264801025391), Row(itemID=19, rating=4.272840976715088)])]
[Row(customerID=12, recommendations=[Row(itemID=32, rating=3.9464850425720215), Row(itemID=19, rating=3.820230722427368), Row(itemID=10, rating=3.5927631855010986)])]
[0.389141307100932]
[Row(customerID=12, recommendations=[Row(itemID=32, rating=3.9464850425720215), Row(itemID=19, rating=3.820230722427368), Row(itemID=10, rating=3.5927631855010986)])]
mapk
[0.2222222222222222]
[Row(customerID=12, recommendations=[Row(itemID=32, rating=3.9464850425720215), Row(itemID=19, rating=3.820230722427368), Row(itemID=10, rating=3.5927631855010986)])]
diversityAtK
[-7.0]
[Row(customerID=12, recommendations=[Row(itemID=32, rating=3.9464850425720215), Row(itemID=19, rating=3.820230722427368), Row(itemID=10, rating=3.5927631855010986)])]
maxDiversity
[-14.0]
]]>	</system-out>
	<system-err>
<![CDATA[Exception ignored in: <bound method JavaParams.__del__ of TrainValidRecommendSplitModel_46b4aa3df3f3975f2d39>
Traceback (most recent call last):
  File "/home/dciborow/lib/spark/python/lib/pyspark.zip/pyspark/ml/wrapper.py", line 105, in __del__
  File "/home/dciborow/lib/spark/python/lib/py4j-0.10.4-src.zip/py4j/java_gateway.py", line 1870, in detach
AttributeError: 'NoneType' object has no attribute '_detach'
Exception ignored in: <bound method JavaParams.__del__ of TrainValidRecommendSplitModel_42c981317c85aeebf6fa>
Traceback (most recent call last):
  File "/home/dciborow/lib/spark/python/lib/pyspark.zip/pyspark/ml/wrapper.py", line 105, in __del__
  File "/home/dciborow/lib/spark/python/lib/py4j-0.10.4-src.zip/py4j/java_gateway.py", line 1870, in detach
AttributeError: 'NoneType' object has no attribute '_detach'
Exception ignored in: <bound method JavaParams.__del__ of TrainValidRecommendSplitModel_4cb59040ab32813e8778>
Traceback (most recent call last):
  File "/home/dciborow/lib/spark/python/lib/pyspark.zip/pyspark/ml/wrapper.py", line 105, in __del__
  File "/home/dciborow/lib/spark/python/lib/py4j-0.10.4-src.zip/py4j/java_gateway.py", line 1870, in detach
AttributeError: 'NoneType' object has no attribute '_detach'
Exception ignored in: <bound method JavaParams.__del__ of TrainValidRecommendSplitModel_485baacb0871fc0056fc>
Traceback (most recent call last):
  File "/home/dciborow/lib/spark/python/lib/pyspark.zip/pyspark/ml/wrapper.py", line 105, in __del__
  File "/home/dciborow/lib/spark/python/lib/py4j-0.10.4-src.zip/py4j/java_gateway.py", line 1870, in detach
AttributeError: 'NoneType' object has no attribute '_detach'
]]>	</system-err>
</testsuite>
