<?xml version="1.0" ?>
<testsuite errors="0" failures="0" name="TrainValidRecommendSplitSpec-20180119001432" tests="1" time="69.554">
	<testcase classname="TrainValidRecommendSplitSpec" name="test_all_tiny" time="69.554"/>
	<system-out>
<![CDATA[[Row(customerID=12, recommendations=[Row(itemID=1, rating=4.902277946472168), Row(itemID=10, rating=4.886264801025391), Row(itemID=19, rating=4.272840976715088)])]
[Row(customerID=12, recommendations=[Row(itemID=32, rating=3.9464850425720215), Row(itemID=19, rating=3.820230722427368), Row(itemID=10, rating=3.5927631855010986)])]
[0.389141307100932]
ListBuffer(Map(map -> 0.34259259259259256, mapk -> 0.2222222222222222, maxDiversity -> 1.75, diversityAtK -> 0.875, recallAtK -> 0.2222222222222222, ndcgAt -> 0.389141307100932))
]]>	</system-out>
	<system-err>
<![CDATA[Exception ignored in: <bound method JavaParams.__del__ of TrainValidRecommendSplitModel_4488b664299eee288a60>
Traceback (most recent call last):
  File "/home/dciborow/lib/spark/python/lib/pyspark.zip/pyspark/ml/wrapper.py", line 105, in __del__
  File "/home/dciborow/lib/spark/python/lib/py4j-0.10.4-src.zip/py4j/java_gateway.py", line 1870, in detach
AttributeError: 'NoneType' object has no attribute '_detach'
]]>	</system-err>
</testsuite>
